# JRE version: OpenJDK Runtime Environment Temurin-17.0.3+7 (17.0.3+7) (build 17.0.3+7)
# Java VM: OpenJDK 64-Bit Server VM Temurin-17.0.3+7 (17.0.3+7, mixed mode, tiered, compressed oops, compressed class ptrs, parallel gc, windows-amd64)
GC Precious Log:
 CPUs: 8 total, 8 available
 Memory: 16106M
 Large Page Support: Disabled
 NUMA Support: Disabled
 Compressed Oops: Enabled (32-bit)
 Alignments: Space 512K, Generation 512K, Heap 2M
 Heap Min Capacity: 100M
 Heap Initial Capacity: 100M
 Heap Max Capacity: 1G
 Pre-touch: Disabled
 Parallel Workers: 8
Heap:
 PSYoungGen      total 5632K, used 4450K [0x00000000eab00000, 0x00000000eb400000, 0x0000000100000000)
  eden space 3584K, 67% used [0x00000000eab00000,0x00000000ead58bc8,0x00000000eae80000)
  from space 2048K, 100% used [0x00000000eb100000,0x00000000eb300000,0x00000000eb300000)
  to   space 2560K, 0% used [0x00000000eae80000,0x00000000eae80000,0x00000000eb100000)
 ParOldGen       total 120832K, used 96002K [0x00000000c0000000, 0x00000000c7600000, 0x00000000eab00000)
  object space 120832K, 79% used [0x00000000c0000000,0x00000000c5dc0a60,0x00000000c7600000)
 Metaspace       used 64038K, committed 65088K, reserved 1114112K
  class space    used 6583K, committed 7040K, reserved 1048576K
GC Heap History (20 events):
Event: 8.400 GC heap before
{Heap before GC invocations=54 (full 4):
 PSYoungGen      total 4608K, used 4607K [0x00000000eab00000, 0x00000000eb380000, 0x0000000100000000)
  eden space 4096K, 99% used [0x00000000eab00000,0x00000000eaefffe8,0x00000000eaf00000)
  from space 512K, 100% used [0x00000000eb300000,0x00000000eb380000,0x00000000eb380000)
  to   space 1024K, 0% used [0x00000000eb180000,0x00000000eb180000,0x00000000eb280000)
 ParOldGen       total 108544K, used 106473K [0x00000000c0000000, 0x00000000c6a00000, 0x00000000eab00000)
  object space 108544K, 98% used [0x00000000c0000000,0x00000000c67fa4c8,0x00000000c6a00000)
 Metaspace       used 63000K, committed 63936K, reserved 1114112K
  class space    used 6472K, committed 6912K, reserved 1048576K
}
Event: 8.401 GC heap after
{Heap after GC invocations=54 (full 4):
 PSYoungGen      total 5120K, used 592K [0x00000000eab00000, 0x00000000eb380000, 0x0000000100000000)
  eden space 4096K, 0% used [0x00000000eab00000,0x00000000eab00000,0x00000000eaf00000)
  from space 1024K, 57% used [0x00000000eb180000,0x00000000eb214010,0x00000000eb280000)
  to   space 1024K, 0% used [0x00000000eb280000,0x00000000eb280000,0x00000000eb380000)
 ParOldGen       total 108544K, used 106617K [0x00000000c0000000, 0x00000000c6a00000, 0x00000000eab00000)
  object space 108544K, 98% used [0x00000000c0000000,0x00000000c681e4c8,0x00000000c6a00000)
 Metaspace       used 63000K, committed 63936K, reserved 1114112K
  class space    used 6472K, committed 6912K, reserved 1048576K
}
Event: 11.581 GC heap before
{Heap before GC invocations=55 (full 4):
 PSYoungGen      total 5120K, used 4688K [0x00000000eab00000, 0x00000000eb380000, 0x0000000100000000)
  eden space 4096K, 100% used [0x00000000eab00000,0x00000000eaf00000,0x00000000eaf00000)
  from space 1024K, 57% used [0x00000000eb180000,0x00000000eb214010,0x00000000eb280000)
  to   space 1024K, 0% used [0x00000000eb280000,0x00000000eb280000,0x00000000eb380000)
 ParOldGen       total 108544K, used 106617K [0x00000000c0000000, 0x00000000c6a00000, 0x00000000eab00000)
  object space 108544K, 98% used [0x00000000c0000000,0x00000000c681e4c8,0x00000000c6a00000)
 Metaspace       used 63051K, committed 64064K, reserved 1114112K
  class space    used 6473K, committed 6912K, reserved 1048576K
}
Event: 11.582 GC heap after
{Heap after GC invocations=55 (full 4):
 PSYoungGen      total 5120K, used 624K [0x00000000eab00000, 0x00000000eb380000, 0x0000000100000000)
  eden space 4096K, 0% used [0x00000000eab00000,0x00000000eab00000,0x00000000eaf00000)
  from space 1024K, 60% used [0x00000000eb280000,0x00000000eb31c010,0x00000000eb380000)
  to   space 1024K, 0% used [0x00000000eb180000,0x00000000eb180000,0x00000000eb280000)
 ParOldGen       total 108544K, used 106625K [0x00000000c0000000, 0x00000000c6a00000, 0x00000000eab00000)
  object space 108544K, 98% used [0x00000000c0000000,0x00000000c68204c8,0x00000000c6a00000)
 Metaspace       used 63051K, committed 64064K, reserved 1114112K
  class space    used 6473K, committed 6912K, reserved 1048576K
}
Event: 11.850 GC heap before
{Heap before GC invocations=56 (full 4):
 PSYoungGen      total 5120K, used 4720K [0x00000000eab00000, 0x00000000eb380000, 0x0000000100000000)
  eden space 4096K, 100% used [0x00000000eab00000,0x00000000eaf00000,0x00000000eaf00000)
  from space 1024K, 60% used [0x00000000eb280000,0x00000000eb31c010,0x00000000eb380000)
  to   space 1024K, 0% used [0x00000000eb180000,0x00000000eb180000,0x00000000eb280000)
 ParOldGen       total 108544K, used 106625K [0x00000000c0000000, 0x00000000c6a00000, 0x00000000eab00000)
  object space 108544K, 98% used [0x00000000c0000000,0x00000000c68204c8,0x00000000c6a00000)
 Metaspace       used 63092K, committed 64064K, reserved 1114112K
  class space    used 6473K, committed 6912K, reserved 1048576K
}
Event: 11.851 GC heap after
{Heap after GC invocations=56 (full 4):
 PSYoungGen      total 5120K, used 656K [0x00000000eab00000, 0x00000000eb300000, 0x0000000100000000)
  eden space 4096K, 0% used [0x00000000eab00000,0x00000000eab00000,0x00000000eaf00000)
  from space 1024K, 64% used [0x00000000eb180000,0x00000000eb224010,0x00000000eb280000)
  to   space 512K, 0% used [0x00000000eb280000,0x00000000eb280000,0x00000000eb300000)
 ParOldGen       total 108544K, used 106633K [0x00000000c0000000, 0x00000000c6a00000, 0x00000000eab00000)
  object space 108544K, 98% used [0x00000000c0000000,0x00000000c68224c8,0x00000000c6a00000)
 Metaspace       used 63092K, committed 64064K, reserved 1114112K
  class space    used 6473K, committed 6912K, reserved 1048576K
}
Event: 56.412 GC heap before
{Heap before GC invocations=57 (full 4):
 PSYoungGen      total 5120K, used 4752K [0x00000000eab00000, 0x00000000eb300000, 0x0000000100000000)
  eden space 4096K, 100% used [0x00000000eab00000,0x00000000eaf00000,0x00000000eaf00000)
  from space 1024K, 64% used [0x00000000eb180000,0x00000000eb224010,0x00000000eb280000)
  to   space 512K, 0% used [0x00000000eb280000,0x00000000eb280000,0x00000000eb300000)
 ParOldGen       total 108544K, used 106633K [0x00000000c0000000, 0x00000000c6a00000, 0x00000000eab00000)
  object space 108544K, 98% used [0x00000000c0000000,0x00000000c68224c8,0x00000000c6a00000)
 Metaspace       used 63450K, committed 64448K, reserved 1114112K
  class space    used 6538K, committed 6976K, reserved 1048576K
}
Event: 56.413 GC heap after
{Heap after GC invocations=57 (full 4):
 PSYoungGen      total 4608K, used 512K [0x00000000eab00000, 0x00000000eb300000, 0x0000000100000000)
  eden space 4096K, 0% used [0x00000000eab00000,0x00000000eab00000,0x00000000eaf00000)
  from space 512K, 100% used [0x00000000eb280000,0x00000000eb300000,0x00000000eb300000)
  to   space 1536K, 0% used [0x00000000eb000000,0x00000000eb000000,0x00000000eb180000)
 ParOldGen       total 108544K, used 107362K [0x00000000c0000000, 0x00000000c6a00000, 0x00000000eab00000)
  object space 108544K, 98% used [0x00000000c0000000,0x00000000c68d8908,0x00000000c6a00000)
 Metaspace       used 63450K, committed 64448K, reserved 1114112K
  class space    used 6538K, committed 6976K, reserved 1048576K
}
Event: 56.625 GC heap before
{Heap before GC invocations=58 (full 4):
 PSYoungGen      total 4608K, used 4608K [0x00000000eab00000, 0x00000000eb300000, 0x0000000100000000)
  eden space 4096K, 100% used [0x00000000eab00000,0x00000000eaf00000,0x00000000eaf00000)
  from space 512K, 100% used [0x00000000eb280000,0x00000000eb300000,0x00000000eb300000)
  to   space 1536K, 0% used [0x00000000eb000000,0x00000000eb000000,0x00000000eb180000)
 ParOldGen       total 108544K, used 107362K [0x00000000c0000000, 0x00000000c6a00000, 0x00000000eab00000)
  object space 108544K, 98% used [0x00000000c0000000,0x00000000c68d8908,0x00000000c6a00000)
 Metaspace       used 63510K, committed 64512K, reserved 1114112K
  class space    used 6540K, committed 6976K, reserved 1048576K
}
Event: 56.626 GC heap after
{Heap after GC invocations=58 (full 4):
 PSYoungGen      total 5632K, used 1380K [0x00000000eab00000, 0x00000000eb300000, 0x0000000100000000)
  eden space 4096K, 0% used [0x00000000eab00000,0x00000000eab00000,0x00000000eaf00000)
  from space 1536K, 89% used [0x00000000eb000000,0x00000000eb159210,0x00000000eb180000)
  to   space 1536K, 0% used [0x00000000eb180000,0x00000000eb180000,0x00000000eb300000)
 ParOldGen       total 108544K, used 107570K [0x00000000c0000000, 0x00000000c6a00000, 0x00000000eab00000)
  object space 108544K, 99% used [0x00000000c0000000,0x00000000c690c908,0x00000000c6a00000)
 Metaspace       used 63510K, committed 64512K, reserved 1114112K
  class space    used 6540K, committed 6976K, reserved 1048576K
}
Event: 57.057 GC heap before
{Heap before GC invocations=59 (full 4):
 PSYoungGen      total 5632K, used 5476K [0x00000000eab00000, 0x00000000eb300000, 0x0000000100000000)
  eden space 4096K, 100% used [0x00000000eab00000,0x00000000eaf00000,0x00000000eaf00000)
  from space 1536K, 89% used [0x00000000eb000000,0x00000000eb159210,0x00000000eb180000)
  to   space 1536K, 0% used [0x00000000eb180000,0x00000000eb180000,0x00000000eb300000)
 ParOldGen       total 108544K, used 107570K [0x00000000c0000000, 0x00000000c6a00000, 0x00000000eab00000)
  object space 108544K, 99% used [0x00000000c0000000,0x00000000c690c908,0x00000000c6a00000)
 Metaspace       used 63703K, committed 64640K, reserved 1114112K
  class space    used 6553K, committed 6976K, reserved 1048576K
}
Event: 57.059 GC heap after
{Heap after GC invocations=59 (full 4):
 PSYoungGen      total 5632K, used 1524K [0x00000000eab00000, 0x00000000eb400000, 0x0000000100000000)
  eden space 4096K, 0% used [0x00000000eab00000,0x00000000eab00000,0x00000000eaf00000)
  from space 1536K, 99% used [0x00000000eb180000,0x00000000eb2fd200,0x00000000eb300000)
  to   space 2560K, 0% used [0x00000000eaf00000,0x00000000eaf00000,0x00000000eb180000)
 ParOldGen       total 108544K, used 108142K [0x00000000c0000000, 0x00000000c6a00000, 0x00000000eab00000)
  object space 108544K, 99% used [0x00000000c0000000,0x00000000c699bb08,0x00000000c6a00000)
 Metaspace       used 63703K, committed 64640K, reserved 1114112K
  class space    used 6553K, committed 6976K, reserved 1048576K
}
Event: 57.059 GC heap before
{Heap before GC invocations=60 (full 5):
 PSYoungGen      total 5632K, used 1524K [0x00000000eab00000, 0x00000000eb400000, 0x0000000100000000)
  eden space 4096K, 0% used [0x00000000eab00000,0x00000000eab00000,0x00000000eaf00000)
  from space 1536K, 99% used [0x00000000eb180000,0x00000000eb2fd200,0x00000000eb300000)
  to   space 2560K, 0% used [0x00000000eaf00000,0x00000000eaf00000,0x00000000eb180000)
 ParOldGen       total 108544K, used 108142K [0x00000000c0000000, 0x00000000c6a00000, 0x00000000eab00000)
  object space 108544K, 99% used [0x00000000c0000000,0x00000000c699bb08,0x00000000c6a00000)
 Metaspace       used 63703K, committed 64640K, reserved 1114112K
  class space    used 6553K, committed 6976K, reserved 1048576K
}
Event: 57.111 GC heap after
{Heap after GC invocations=60 (full 5):
 PSYoungGen      total 6656K, used 0K [0x00000000eab00000, 0x00000000eb400000, 0x0000000100000000)
  eden space 4096K, 0% used [0x00000000eab00000,0x00000000eab00000,0x00000000eaf00000)
  from space 2560K, 0% used [0x00000000eaf00000,0x00000000eaf00000,0x00000000eb180000)
  to   space 2560K, 0% used [0x00000000eb180000,0x00000000eb180000,0x00000000eb400000)
 ParOldGen       total 120832K, used 95710K [0x00000000c0000000, 0x00000000c7600000, 0x00000000eab00000)
  object space 120832K, 79% used [0x00000000c0000000,0x00000000c5d77860,0x00000000c7600000)
 Metaspace       used 63703K, committed 64640K, reserved 1114112K
  class space    used 6553K, committed 6976K, reserved 1048576K
}
Event: 57.116 GC heap before
{Heap before GC invocations=61 (full 5):
 PSYoungGen      total 6656K, used 4096K [0x00000000eab00000, 0x00000000eb400000, 0x0000000100000000)
  eden space 4096K, 100% used [0x00000000eab00000,0x00000000eaf00000,0x00000000eaf00000)
  from space 2560K, 0% used [0x00000000eaf00000,0x00000000eaf00000,0x00000000eb180000)
  to   space 2560K, 0% used [0x00000000eb180000,0x00000000eb180000,0x00000000eb400000)
 ParOldGen       total 120832K, used 95710K [0x00000000c0000000, 0x00000000c7600000, 0x00000000eab00000)
  object space 120832K, 79% used [0x00000000c0000000,0x00000000c5d77860,0x00000000c7600000)
 Metaspace       used 63704K, committed 64640K, reserved 1114112K
  class space    used 6553K, committed 6976K, reserved 1048576K
}
Event: 57.117 GC heap after
{Heap after GC invocations=61 (full 5):
 PSYoungGen      total 5120K, used 928K [0x00000000eab00000, 0x00000000eb280000, 0x0000000100000000)
  eden space 4096K, 0% used [0x00000000eab00000,0x00000000eab00000,0x00000000eaf00000)
  from space 1024K, 90% used [0x00000000eb180000,0x00000000eb268000,0x00000000eb280000)
  to   space 1536K, 0% used [0x00000000eaf80000,0x00000000eaf80000,0x00000000eb100000)
 ParOldGen       total 120832K, used 95710K [0x00000000c0000000, 0x00000000c7600000, 0x00000000eab00000)
  object space 120832K, 79% used [0x00000000c0000000,0x00000000c5d77860,0x00000000c7600000)
 Metaspace       used 63704K, committed 64640K, reserved 1114112K
  class space    used 6553K, committed 6976K, reserved 1048576K
}
Event: 57.124 GC heap before
{Heap before GC invocations=62 (full 5):
 PSYoungGen      total 5120K, used 5024K [0x00000000eab00000, 0x00000000eb280000, 0x0000000100000000)
  eden space 4096K, 100% used [0x00000000eab00000,0x00000000eaf00000,0x00000000eaf00000)
  from space 1024K, 90% used [0x00000000eb180000,0x00000000eb268000,0x00000000eb280000)
  to   space 1536K, 0% used [0x00000000eaf80000,0x00000000eaf80000,0x00000000eb100000)
 ParOldGen       total 120832K, used 95710K [0x00000000c0000000, 0x00000000c7600000, 0x00000000eab00000)
  object space 120832K, 79% used [0x00000000c0000000,0x00000000c5d77860,0x00000000c7600000)
 Metaspace       used 63704K, committed 64640K, reserved 1114112K
  class space    used 6553K, committed 6976K, reserved 1048576K
}
Event: 57.124 GC heap after
{Heap after GC invocations=62 (full 5):
 PSYoungGen      total 5632K, used 1536K [0x00000000eab00000, 0x00000000eb300000, 0x0000000100000000)
  eden space 4096K, 0% used [0x00000000eab00000,0x00000000eab00000,0x00000000eaf00000)
  from space 1536K, 100% used [0x00000000eaf80000,0x00000000eb100000,0x00000000eb100000)
  to   space 2048K, 0% used [0x00000000eb100000,0x00000000eb100000,0x00000000eb300000)
 ParOldGen       total 120832K, used 95782K [0x00000000c0000000, 0x00000000c7600000, 0x00000000eab00000)
  object space 120832K, 79% used [0x00000000c0000000,0x00000000c5d89860,0x00000000c7600000)
 Metaspace       used 63704K, committed 64640K, reserved 1114112K
  class space    used 6553K, committed 6976K, reserved 1048576K
}
Event: 57.146 GC heap before
{Heap before GC invocations=63 (full 5):
 PSYoungGen      total 5632K, used 5632K [0x00000000eab00000, 0x00000000eb300000, 0x0000000100000000)
  eden space 4096K, 100% used [0x00000000eab00000,0x00000000eaf00000,0x00000000eaf00000)
  from space 1536K, 100% used [0x00000000eaf80000,0x00000000eb100000,0x00000000eb100000)
  to   space 2048K, 0% used [0x00000000eb100000,0x00000000eb100000,0x00000000eb300000)
 ParOldGen       total 120832K, used 95782K [0x00000000c0000000, 0x00000000c7600000, 0x00000000eab00000)
  object space 120832K, 79% used [0x00000000c0000000,0x00000000c5d89860,0x00000000c7600000)
 Metaspace       used 64038K, committed 65088K, reserved 1114112K
  class space    used 6583K, committed 7040K, reserved 1048576K
}
Event: 57.147 GC heap after
{Heap after GC invocations=63 (full 5):
 PSYoungGen      total 5632K, used 2048K [0x00000000eab00000, 0x00000000eb400000, 0x0000000100000000)
  eden space 3584K, 0% used [0x00000000eab00000,0x00000000eab00000,0x00000000eae80000)
  from space 2048K, 100% used [0x00000000eb100000,0x00000000eb300000,0x00000000eb300000)
  to   space 2560K, 0% used [0x00000000eae80000,0x00000000eae80000,0x00000000eb100000)
 ParOldGen       total 120832K, used 96002K [0x00000000c0000000, 0x00000000c7600000, 0x00000000eab00000)
  object space 120832K, 79% used [0x00000000c0000000,0x00000000c5dc0a60,0x00000000c7600000)
 Metaspace       used 64038K, committed 65088K, reserved 1114112K
  class space    used 6583K, committed 7040K, reserved 1048576K
}

